TN:
SF:main/server/agents/agentHelper.js
FN:21,sleep
FN:25,AgentHelper
FN:34,callModel
FN:50,sendLlmRequest
FNDA:0,sleep
FNDA:6,AgentHelper
FNDA:4,callModel
FNDA:0,sendLlmRequest
FNF:4
FNH:2
BRDA:1,0,0,1
BRDA:25,1,0,6
BRDA:34,2,0,4
BRDA:36,3,0,1
BRDA:38,4,0,3
BRDA:38,5,0,1
BRDA:40,6,0,2
BRDA:40,7,0,1
BRF:8
BRH:8
DA:1,1
DA:2,1
DA:3,1
DA:4,1
DA:5,1
DA:6,1
DA:7,1
DA:8,1
DA:9,1
DA:10,1
DA:11,1
DA:12,1
DA:13,1
DA:14,1
DA:15,1
DA:16,1
DA:17,1
DA:18,1
DA:19,1
DA:20,1
DA:21,1
DA:22,1
DA:23,1
DA:24,1
DA:25,1
DA:26,6
DA:27,6
DA:28,6
DA:29,6
DA:30,6
DA:31,6
DA:32,6
DA:33,1
DA:34,1
DA:35,4
DA:36,4
DA:37,1
DA:38,4
DA:39,1
DA:40,3
DA:41,1
DA:42,1
DA:43,1
DA:44,1
DA:45,4
DA:46,4
DA:47,4
DA:48,4
DA:49,1
DA:50,1
DA:51,0
DA:52,0
DA:53,0
DA:54,0
DA:55,0
DA:56,0
DA:57,0
DA:58,0
DA:59,0
DA:60,0
DA:61,0
DA:62,0
DA:63,0
DA:64,0
DA:65,0
DA:66,0
DA:67,0
DA:68,0
DA:69,0
DA:70,0
DA:71,0
DA:72,0
DA:73,0
DA:74,0
DA:75,0
DA:76,0
DA:77,0
DA:78,0
DA:79,0
DA:80,0
DA:81,0
DA:82,0
DA:83,0
DA:84,0
DA:85,0
DA:86,0
DA:87,0
DA:88,0
DA:89,0
DA:90,0
DA:91,0
DA:92,0
DA:93,0
DA:94,0
DA:95,0
DA:96,0
DA:97,0
DA:98,0
DA:99,0
DA:100,0
DA:101,0
DA:102,0
DA:103,1
DA:104,1
DA:105,1
LH:53
LF:105
end_of_record
SF:main/server/agents/dialogueExpertAgent.js
FN:10,DialogueExpertAgent
FN:15,getInstructions
FN:22,buildContext
FN:32,sendLlmRequest
FNDA:3,DialogueExpertAgent
FNDA:2,getInstructions
FNDA:1,buildContext
FNDA:1,sendLlmRequest
FNF:4
FNH:4
BRDA:1,0,0,1
BRDA:10,1,0,3
BRDA:15,2,0,2
BRDA:16,3,0,1
BRDA:22,4,0,1
BRDA:32,5,0,1
BRF:6
BRH:6
DA:1,1
DA:2,1
DA:3,1
DA:4,1
DA:5,1
DA:6,1
DA:7,1
DA:8,1
DA:9,1
DA:10,1
DA:11,3
DA:12,3
DA:13,3
DA:14,1
DA:15,1
DA:16,2
DA:17,1
DA:18,1
DA:19,2
DA:20,2
DA:21,1
DA:22,1
DA:23,1
DA:24,1
DA:25,1
DA:26,1
DA:27,1
DA:28,1
DA:29,1
DA:30,1
DA:31,1
DA:32,1
DA:33,1
DA:34,1
DA:35,1
DA:36,1
DA:37,1
DA:38,1
DA:39,1
DA:40,1
DA:41,1
DA:42,1
DA:43,1
DA:44,1
DA:45,1
DA:46,1
DA:47,1
DA:48,1
LH:48
LF:48
end_of_record
SF:main/server/agents/explorationExpertAgent.js
FN:9,ExplorationExpertAgent
FN:14,getInstructions
FN:21,buildContext
FN:32,createTaskMessages
FN:33,anonymous_4
FN:41,sendLlmRequest
FNDA:4,ExplorationExpertAgent
FNDA:3,getInstructions
FNDA:2,buildContext
FNDA:4,createTaskMessages
FNDA:8,anonymous_4
FNDA:1,sendLlmRequest
FNF:6
FNH:6
BRDA:1,0,0,1
BRDA:9,1,0,4
BRDA:14,2,0,3
BRDA:15,3,0,2
BRDA:21,4,0,2
BRDA:32,5,0,4
BRDA:33,6,0,8
BRDA:41,7,0,1
BRF:8
BRH:8
DA:1,1
DA:2,1
DA:3,1
DA:4,1
DA:5,1
DA:6,1
DA:7,1
DA:8,1
DA:9,1
DA:10,4
DA:11,4
DA:12,4
DA:13,1
DA:14,1
DA:15,3
DA:16,2
DA:17,2
DA:18,3
DA:19,3
DA:20,1
DA:21,1
DA:22,2
DA:23,2
DA:24,2
DA:25,2
DA:26,2
DA:27,2
DA:28,2
DA:29,2
DA:30,2
DA:31,1
DA:32,1
DA:33,4
DA:34,8
DA:35,8
DA:36,8
DA:37,8
DA:38,4
DA:39,4
DA:40,1
DA:41,1
DA:42,1
DA:43,1
DA:44,1
DA:45,1
DA:46,1
DA:47,1
DA:48,1
DA:49,1
DA:50,1
DA:51,1
DA:52,1
DA:53,1
DA:54,1
DA:55,1
DA:56,1
DA:57,1
LH:57
LF:57
end_of_record
SF:main/server/agents/gameStateChangeExpert.js
FN:98,GameStateChangeExpert
FN:103,getOutputJsonSchema
FN:107,getInstructions
FN:114,buildContext
FN:115,anonymous_4
FN:115,anonymous_5
FN:130,sendLlmRequest
FNDA:9,GameStateChangeExpert
FNDA:2,getOutputJsonSchema
FNDA:4,getInstructions
FNDA:2,buildContext
FNDA:3,anonymous_4
FNDA:2,anonymous_5
FNDA:4,sendLlmRequest
FNF:7
FNH:7
BRDA:1,0,0,1
BRDA:98,1,0,9
BRDA:103,2,0,2
BRDA:107,3,0,4
BRDA:108,4,0,3
BRDA:114,5,0,2
BRDA:115,6,0,3
BRDA:115,7,0,2
BRDA:130,8,0,4
BRDA:141,9,0,2
BRF:10
BRH:10
DA:1,1
DA:2,1
DA:3,1
DA:4,1
DA:5,1
DA:6,1
DA:7,1
DA:8,1
DA:9,1
DA:10,1
DA:11,1
DA:12,1
DA:13,1
DA:14,1
DA:15,1
DA:16,1
DA:17,1
DA:18,1
DA:19,1
DA:20,1
DA:21,1
DA:22,1
DA:23,1
DA:24,1
DA:25,1
DA:26,1
DA:27,1
DA:28,1
DA:29,1
DA:30,1
DA:31,1
DA:32,1
DA:33,1
DA:34,1
DA:35,1
DA:36,1
DA:37,1
DA:38,1
DA:39,1
DA:40,1
DA:41,1
DA:42,1
DA:43,1
DA:44,1
DA:45,1
DA:46,1
DA:47,1
DA:48,1
DA:49,1
DA:50,1
DA:51,1
DA:52,1
DA:53,1
DA:54,1
DA:55,1
DA:56,1
DA:57,1
DA:58,1
DA:59,1
DA:60,1
DA:61,1
DA:62,1
DA:63,1
DA:64,1
DA:65,1
DA:66,1
DA:67,1
DA:68,1
DA:69,1
DA:70,1
DA:71,1
DA:72,1
DA:73,1
DA:74,1
DA:75,1
DA:76,1
DA:77,1
DA:78,1
DA:79,1
DA:80,1
DA:81,1
DA:82,1
DA:83,1
DA:84,1
DA:85,1
DA:86,1
DA:87,1
DA:88,1
DA:89,1
DA:90,1
DA:91,1
DA:92,1
DA:93,1
DA:94,1
DA:95,1
DA:96,1
DA:97,1
DA:98,1
DA:99,9
DA:100,9
DA:101,9
DA:102,1
DA:103,1
DA:104,2
DA:105,2
DA:106,1
DA:107,1
DA:108,4
DA:109,3
DA:110,3
DA:111,4
DA:112,4
DA:113,1
DA:114,1
DA:115,2
DA:116,2
DA:117,2
DA:118,2
DA:119,2
DA:120,2
DA:121,2
DA:122,2
DA:123,2
DA:124,2
DA:125,2
DA:126,2
DA:127,2
DA:128,2
DA:129,1
DA:130,1
DA:131,4
DA:132,4
DA:133,4
DA:134,4
DA:135,4
DA:136,4
DA:137,4
DA:138,4
DA:139,4
DA:140,4
DA:141,4
DA:142,2
DA:143,2
DA:144,2
DA:145,4
DA:146,1
DA:147,1
DA:148,1
LH:148
LF:148
end_of_record
SF:main/server/agents/transitionRouterAgent.js
FN:38,TransitionRouterAgent
FN:43,getOutputJsonSchema
FN:47,getInstructions
FN:54,buildContext
FN:64,sendLlmRequest
FNDA:2,TransitionRouterAgent
FNDA:1,getOutputJsonSchema
FNDA:1,getInstructions
FNDA:1,buildContext
FNDA:1,sendLlmRequest
FNF:5
FNH:5
BRDA:1,0,0,1
BRDA:38,1,0,2
BRDA:43,2,0,1
BRDA:47,3,0,1
BRDA:54,4,0,1
BRDA:64,5,0,1
BRF:6
BRH:6
DA:1,1
DA:2,1
DA:3,1
DA:4,1
DA:5,1
DA:6,1
DA:7,1
DA:8,1
DA:9,1
DA:10,1
DA:11,1
DA:12,1
DA:13,1
DA:14,1
DA:15,1
DA:16,1
DA:17,1
DA:18,1
DA:19,1
DA:20,1
DA:21,1
DA:22,1
DA:23,1
DA:24,1
DA:25,1
DA:26,1
DA:27,1
DA:28,1
DA:29,1
DA:30,1
DA:31,1
DA:32,1
DA:33,1
DA:34,1
DA:35,1
DA:36,1
DA:37,1
DA:38,1
DA:39,2
DA:40,2
DA:41,2
DA:42,1
DA:43,1
DA:44,1
DA:45,1
DA:46,1
DA:47,1
DA:48,1
DA:49,1
DA:50,1
DA:51,1
DA:52,1
DA:53,1
DA:54,1
DA:55,1
DA:56,1
DA:57,1
DA:58,1
DA:59,1
DA:60,1
DA:61,1
DA:62,1
DA:63,1
DA:64,1
DA:65,1
DA:66,1
DA:67,1
DA:68,1
DA:69,1
DA:70,1
DA:71,1
DA:72,1
DA:73,1
DA:74,1
DA:75,1
DA:76,1
DA:77,1
DA:78,1
DA:79,1
DA:80,1
LH:80
LF:80
end_of_record
SF:main/server/engine/azureWrapper.js
FN:13,AzureWrapper
FN:18,call
FNDA:0,AzureWrapper
FNDA:0,call
FNF:2
FNH:0
BRDA:1,0,0,3
BRF:1
BRH:1
DA:1,3
DA:2,3
DA:3,3
DA:4,3
DA:5,3
DA:6,3
DA:7,3
DA:8,3
DA:9,3
DA:10,3
DA:11,3
DA:12,3
DA:13,3
DA:14,0
DA:15,0
DA:16,0
DA:17,3
DA:18,3
DA:19,0
DA:20,0
DA:21,0
DA:22,0
DA:23,0
DA:24,0
DA:25,0
DA:26,3
DA:27,3
DA:28,3
LH:18
LF:28
end_of_record
SF:main/server/engine/geminiEngine.js
FN:14,GeminiEngine
FN:16,GeminiEngine.httpClient
FN:19,buildMessages
FN:21,anonymous_3
FN:22,anonymous_4
FN:24,anonymous_5
FN:25,anonymous_6
FN:29,extractResponseText
FN:47,sendLlmRequest
FNDA:10,GeminiEngine
FNDA:0,GeminiEngine.httpClient
FNDA:4,buildMessages
FNDA:0,anonymous_3
FNDA:0,anonymous_4
FNDA:0,anonymous_5
FNDA:0,anonymous_6
FNDA:6,extractResponseText
FNDA:3,sendLlmRequest
FNF:9
FNH:4
BRDA:1,0,0,2
BRDA:14,1,0,10
BRDA:16,2,0,3
BRDA:16,3,0,7
BRDA:19,4,0,4
BRDA:29,5,0,6
BRDA:32,6,0,5
BRDA:32,7,0,2
BRDA:33,8,0,3
BRDA:36,9,0,1
BRDA:40,10,0,0
BRDA:47,11,0,3
BRDA:68,12,0,1
BRDA:91,13,0,1
BRDA:92,14,0,0
BRDA:96,15,0,2
BRF:16
BRH:14
DA:1,2
DA:2,2
DA:3,2
DA:4,2
DA:5,2
DA:6,2
DA:7,2
DA:8,2
DA:9,2
DA:10,2
DA:11,2
DA:12,2
DA:13,2
DA:14,2
DA:15,10
DA:16,10
DA:17,10
DA:18,2
DA:19,2
DA:20,4
DA:21,4
DA:22,4
DA:23,4
DA:24,4
DA:25,4
DA:26,4
DA:27,4
DA:28,2
DA:29,2
DA:30,6
DA:31,6
DA:32,6
DA:33,6
DA:34,3
DA:35,3
DA:36,6
DA:37,6
DA:38,6
DA:39,6
DA:40,6
DA:41,0
DA:42,0
DA:43,0
DA:44,6
DA:45,2
DA:46,2
DA:47,2
DA:48,3
DA:49,3
DA:50,3
DA:51,3
DA:52,3
DA:53,3
DA:54,3
DA:55,3
DA:56,3
DA:57,3
DA:58,3
DA:59,3
DA:60,3
DA:61,3
DA:62,3
DA:63,3
DA:64,3
DA:65,3
DA:66,3
DA:67,3
DA:68,3
DA:69,1
DA:70,1
DA:71,1
DA:72,1
DA:73,1
DA:74,1
DA:75,1
DA:76,1
DA:77,3
DA:78,3
DA:79,3
DA:80,3
DA:81,3
DA:82,3
DA:83,3
DA:84,3
DA:85,3
DA:86,3
DA:87,3
DA:88,3
DA:89,3
DA:90,3
DA:91,3
DA:92,1
DA:93,1
DA:94,1
DA:95,1
DA:96,1
DA:97,2
DA:98,2
DA:99,2
DA:100,2
DA:101,2
DA:102,2
DA:103,2
DA:104,2
DA:105,3
DA:106,2
DA:107,2
DA:108,2
LH:105
LF:108
end_of_record
SF:main/server/engine/gemmaEngine.js
FN:10,GemmaEngine
FN:15,init
FN:19,prompt
FN:28,anonymous_3
FN:30,anonymous_4
FN:31,anonymous_5
FNDA:6,GemmaEngine
FNDA:1,init
FNDA:3,prompt
FNDA:0,anonymous_3
FNDA:0,anonymous_4
FNDA:0,anonymous_5
FNF:6
FNH:3
BRDA:1,0,0,2
BRDA:10,1,0,6
BRDA:15,2,0,1
BRDA:19,3,0,3
BRDA:25,4,0,2
BRDA:28,5,0,0
BRDA:29,6,0,0
BRDA:30,7,0,0
BRDA:31,8,0,0
BRDA:35,9,0,1
BRF:10
BRH:6
DA:1,2
DA:2,2
DA:3,2
DA:4,2
DA:5,2
DA:6,2
DA:7,2
DA:8,2
DA:9,2
DA:10,2
DA:11,6
DA:12,6
DA:13,6
DA:14,2
DA:15,2
DA:16,1
DA:17,1
DA:18,2
DA:19,2
DA:20,3
DA:21,3
DA:22,3
DA:23,3
DA:24,3
DA:25,3
DA:26,3
DA:27,3
DA:28,3
DA:29,3
DA:30,3
DA:31,3
DA:32,3
DA:33,3
DA:34,3
DA:35,3
DA:36,1
DA:37,1
DA:38,1
DA:39,1
DA:40,3
DA:41,2
DA:42,2
DA:43,2
LH:43
LF:43
end_of_record
SF:main/server/engine/githubEngine.js
FN:15,GithubEngine
FN:20,buildMessages
FN:30,prompt
FN:22,anonymous_3
FN:23,anonymous_4
FN:25,anonymous_5
FN:26,anonymous_6
FNDA:5,GithubEngine
FNDA:4,buildMessages
FNDA:2,prompt
FNDA:0,anonymous_3
FNDA:0,anonymous_4
FNDA:0,anonymous_5
FNDA:0,anonymous_6
FNF:7
FNH:3
BRDA:1,0,0,2
BRDA:15,1,0,5
BRDA:20,2,0,4
BRDA:30,3,0,2
BRDA:59,4,0,1
BRF:5
BRH:5
DA:1,2
DA:2,2
DA:3,2
DA:4,2
DA:5,2
DA:6,2
DA:7,2
DA:8,2
DA:9,2
DA:10,2
DA:11,2
DA:12,2
DA:13,2
DA:14,2
DA:15,2
DA:16,5
DA:17,5
DA:18,5
DA:19,2
DA:20,2
DA:21,4
DA:22,4
DA:23,4
DA:24,4
DA:25,4
DA:26,4
DA:27,4
DA:28,4
DA:29,2
DA:30,2
DA:31,2
DA:32,2
DA:33,2
DA:34,2
DA:35,2
DA:36,2
DA:37,2
DA:38,2
DA:39,2
DA:40,2
DA:41,2
DA:42,2
DA:43,2
DA:44,2
DA:45,2
DA:46,2
DA:47,2
DA:48,2
DA:49,2
DA:50,2
DA:51,2
DA:52,2
DA:53,2
DA:54,2
DA:55,2
DA:56,2
DA:57,2
DA:58,2
DA:59,2
DA:60,1
DA:61,1
DA:62,1
DA:63,1
DA:64,2
DA:65,2
DA:66,2
DA:67,2
LH:67
LF:67
end_of_record
SF:main/server/engine/llamaWrapper.js
FN:7,LlamaWrapper
FN:11,init
FN:19,prompt
FNDA:2,LlamaWrapper
FNDA:0,init
FNDA:1,prompt
FNF:3
FNH:2
BRDA:1,0,0,4
BRDA:7,1,0,2
BRDA:19,2,0,1
BRDA:23,3,0,0
BRF:4
BRH:3
DA:1,4
DA:2,4
DA:3,4
DA:4,4
DA:5,4
DA:6,4
DA:7,4
DA:8,2
DA:9,2
DA:10,4
DA:11,4
DA:12,0
DA:13,0
DA:14,0
DA:15,0
DA:16,0
DA:17,0
DA:18,4
DA:19,4
DA:20,1
DA:21,1
DA:22,1
DA:23,1
DA:24,0
DA:25,0
DA:26,0
DA:27,0
DA:28,0
DA:29,0
DA:30,0
DA:31,0
DA:32,0
DA:33,0
DA:34,0
DA:35,0
DA:36,0
DA:37,0
DA:38,0
DA:39,0
DA:40,0
DA:41,0
DA:42,0
DA:43,0
DA:44,0
DA:45,0
DA:46,0
DA:47,0
DA:48,1
DA:49,4
DA:50,4
DA:51,4
LH:21
LF:51
end_of_record
SF:main/server/engine/phi4MiniEngine.js
FN:10,Phi4MiniEngine
FN:15,init
FN:19,prompt
FNDA:0,Phi4MiniEngine
FNDA:0,init
FNDA:0,prompt
FNF:3
FNH:0
BRDA:1,0,0,1
BRF:1
BRH:1
DA:1,1
DA:2,1
DA:3,1
DA:4,1
DA:5,1
DA:6,1
DA:7,1
DA:8,1
DA:9,1
DA:10,1
DA:11,0
DA:12,0
DA:13,0
DA:14,1
DA:15,1
DA:16,0
DA:17,0
DA:18,1
DA:19,1
DA:20,0
DA:21,0
DA:22,0
DA:23,0
DA:24,0
DA:25,0
DA:26,0
DA:27,0
DA:28,0
DA:29,0
DA:30,0
DA:31,0
DA:32,0
DA:33,0
DA:34,0
DA:35,0
DA:36,0
DA:37,0
DA:38,0
DA:39,0
DA:40,0
DA:41,1
DA:42,1
DA:43,1
LH:17
LF:43
end_of_record
SF:main/server/engine/Phi4MiniEngine.js
FN:10,Phi4MiniEngine
FN:15,init
FN:19,prompt
FN:28,anonymous_3
FN:30,anonymous_4
FN:31,anonymous_5
FNDA:6,Phi4MiniEngine
FNDA:1,init
FNDA:3,prompt
FNDA:0,anonymous_3
FNDA:0,anonymous_4
FNDA:0,anonymous_5
FNF:6
FNH:3
BRDA:1,0,0,1
BRDA:10,1,0,6
BRDA:15,2,0,1
BRDA:19,3,0,3
BRDA:25,4,0,2
BRDA:28,5,0,0
BRDA:29,6,0,0
BRDA:30,7,0,0
BRDA:31,8,0,0
BRDA:35,9,0,1
BRF:10
BRH:6
DA:1,1
DA:2,1
DA:3,1
DA:4,1
DA:5,1
DA:6,1
DA:7,1
DA:8,1
DA:9,1
DA:10,1
DA:11,6
DA:12,6
DA:13,6
DA:14,1
DA:15,1
DA:16,1
DA:17,1
DA:18,1
DA:19,1
DA:20,3
DA:21,3
DA:22,3
DA:23,3
DA:24,3
DA:25,3
DA:26,3
DA:27,3
DA:28,3
DA:29,3
DA:30,3
DA:31,3
DA:32,3
DA:33,3
DA:34,3
DA:35,3
DA:36,1
DA:37,1
DA:38,1
DA:39,1
DA:40,3
DA:41,1
DA:42,1
DA:43,1
LH:43
LF:43
end_of_record
SF:main/server/repository/characterSheetRepository.js
FN:4,CharacterSheetRepository
FN:9,insert
FN:24,findById
FN:40,update
FN:45,anonymous_4
FN:53,anonymous_5
FN:66,delete
FNDA:9,CharacterSheetRepository
FNDA:2,insert
FNDA:3,findById
FNDA:2,update
FNDA:2,anonymous_4
FNDA:2,anonymous_5
FNDA:2,delete
FNF:7
FNH:7
BRDA:1,0,0,1
BRDA:4,1,0,9
BRDA:9,2,0,2
BRDA:16,3,0,1
BRDA:24,4,0,3
BRDA:29,5,0,2
BRDA:30,6,0,1
BRDA:40,7,0,2
BRDA:58,8,0,1
BRDA:45,9,0,2
BRDA:46,10,0,0
BRDA:53,11,0,2
BRDA:66,12,0,2
BRDA:72,13,0,1
BRF:14
BRH:13
DA:1,1
DA:2,1
DA:3,1
DA:4,1
DA:5,9
DA:6,9
DA:7,9
DA:8,1
DA:9,1
DA:10,2
DA:11,2
DA:12,2
DA:13,2
DA:14,2
DA:15,2
DA:16,2
DA:17,1
DA:18,1
DA:19,1
DA:20,1
DA:21,1
DA:22,2
DA:23,1
DA:24,1
DA:25,3
DA:26,3
DA:27,3
DA:28,3
DA:29,3
DA:30,3
DA:31,1
DA:32,1
DA:33,1
DA:34,1
DA:35,1
DA:36,1
DA:37,1
DA:38,3
DA:39,1
DA:40,1
DA:41,2
DA:42,2
DA:43,2
DA:44,2
DA:45,2
DA:46,2
DA:47,0
DA:48,0
DA:49,2
DA:50,2
DA:51,2
DA:52,2
DA:53,2
DA:54,2
DA:55,2
DA:56,2
DA:57,2
DA:58,2
DA:59,1
DA:60,1
DA:61,1
DA:62,1
DA:63,1
DA:64,2
DA:65,1
DA:66,1
DA:67,2
DA:68,2
DA:69,2
DA:70,2
DA:71,2
DA:72,2
DA:73,1
DA:74,1
DA:75,1
DA:76,1
DA:77,1
DA:78,2
DA:79,1
DA:80,1
DA:81,1
LH:79
LF:81
end_of_record
SF:main/server/repository/contextManagerLogsRepository.js
FN:25,ContextManagerLogsRepository
FN:29,insert
FN:59,delete
FN:73,findAll
FNDA:4,ContextManagerLogsRepository
FNDA:1,insert
FNDA:1,delete
FNDA:1,findAll
FNF:4
FNH:4
BRDA:1,0,0,1
BRDA:25,1,0,4
BRDA:29,2,0,1
BRDA:52,3,0,0
BRDA:59,4,0,1
BRDA:66,5,0,0
BRDA:73,6,0,1
BRF:7
BRH:5
DA:1,1
DA:2,1
DA:3,1
DA:4,1
DA:5,1
DA:6,1
DA:7,1
DA:8,1
DA:9,1
DA:10,1
DA:11,1
DA:12,1
DA:13,1
DA:14,1
DA:15,1
DA:16,1
DA:17,1
DA:18,1
DA:19,1
DA:20,1
DA:21,1
DA:22,1
DA:23,1
DA:24,1
DA:25,1
DA:26,4
DA:27,4
DA:28,1
DA:29,1
DA:30,1
DA:31,1
DA:32,1
DA:33,1
DA:34,1
DA:35,1
DA:36,1
DA:37,1
DA:38,1
DA:39,1
DA:40,1
DA:41,1
DA:42,1
DA:43,1
DA:44,1
DA:45,1
DA:46,1
DA:47,1
DA:48,1
DA:49,1
DA:50,1
DA:51,1
DA:52,1
DA:53,0
DA:54,0
DA:55,1
DA:56,1
DA:57,1
DA:58,1
DA:59,1
DA:60,1
DA:61,1
DA:62,1
DA:63,1
DA:64,1
DA:65,1
DA:66,1
DA:67,0
DA:68,0
DA:69,1
DA:70,1
DA:71,1
DA:72,1
DA:73,1
DA:74,1
DA:75,1
DA:76,1
DA:77,1
DA:78,1
DA:79,1
LH:75
LF:79
end_of_record
SF:main/server/repository/enemyRepository.js
FN:6,EnemyRepository
FN:10,findAll
FNDA:4,EnemyRepository
FNDA:1,findAll
FNF:2
FNH:2
BRDA:1,0,0,1
BRDA:6,1,0,4
BRDA:10,2,0,1
BRF:3
BRH:3
DA:1,1
DA:2,1
DA:3,1
DA:4,1
DA:5,1
DA:6,1
DA:7,4
DA:8,4
DA:9,1
DA:10,1
DA:11,1
DA:12,1
DA:13,1
DA:14,1
DA:15,1
LH:15
LF:15
end_of_record
SF:main/server/repository/gameStateRepository.js
FN:6,GameStateRepository
FN:10,insert
FN:29,update
FN:72,updateByKey
FN:92,deleteByKey
FN:102,deleteById
FN:112,findById
FN:126,findByKey
FN:144,findAll
FNDA:1,GameStateRepository
FNDA:1,insert
FNDA:1,update
FNDA:0,updateByKey
FNDA:0,deleteByKey
FNDA:1,deleteById
FNDA:1,findById
FNDA:1,findByKey
FNDA:1,findAll
FNF:9
FNH:7
BRDA:1,0,0,1
BRDA:6,1,0,1
BRDA:10,2,0,1
BRDA:22,3,0,0
BRDA:29,4,0,1
BRDA:34,5,0,0
BRDA:46,6,0,0
BRDA:63,7,0,0
BRDA:102,8,0,1
BRDA:105,9,0,0
BRDA:112,10,0,1
BRDA:126,11,0,1
BRDA:140,12,0,0
BRDA:144,13,0,1
BRF:14
BRH:8
DA:1,1
DA:2,1
DA:3,1
DA:4,1
DA:5,1
DA:6,1
DA:7,1
DA:8,1
DA:9,1
DA:10,1
DA:11,1
DA:12,1
DA:13,1
DA:14,1
DA:15,1
DA:16,1
DA:17,1
DA:18,1
DA:19,1
DA:20,1
DA:21,1
DA:22,1
DA:23,0
DA:24,0
DA:25,1
DA:26,1
DA:27,1
DA:28,1
DA:29,1
DA:30,1
DA:31,1
DA:32,1
DA:33,1
DA:34,1
DA:35,0
DA:36,0
DA:37,0
DA:38,0
DA:39,1
DA:40,1
DA:41,1
DA:42,1
DA:43,1
DA:44,1
DA:45,1
DA:46,1
DA:47,0
DA:48,0
DA:49,1
DA:50,1
DA:51,1
DA:52,1
DA:53,1
DA:54,1
DA:55,1
DA:56,1
DA:57,1
DA:58,1
DA:59,1
DA:60,1
DA:61,1
DA:62,1
DA:63,1
DA:64,0
DA:65,0
DA:66,1
DA:67,1
DA:68,1
DA:69,1
DA:70,1
DA:71,1
DA:72,1
DA:73,0
DA:74,0
DA:75,0
DA:76,0
DA:77,0
DA:78,0
DA:79,0
DA:80,0
DA:81,0
DA:82,0
DA:83,0
DA:84,0
DA:85,0
DA:86,0
DA:87,0
DA:88,0
DA:89,0
DA:90,0
DA:91,1
DA:92,1
DA:93,0
DA:94,0
DA:95,0
DA:96,0
DA:97,0
DA:98,0
DA:99,0
DA:100,0
DA:101,1
DA:102,1
DA:103,1
DA:104,1
DA:105,1
DA:106,0
DA:107,0
DA:108,1
DA:109,1
DA:110,1
DA:111,1
DA:112,1
DA:113,1
DA:114,1
DA:115,1
DA:116,1
DA:117,1
DA:118,1
DA:119,1
DA:120,1
DA:121,1
DA:122,1
DA:123,1
DA:124,1
DA:125,1
DA:126,1
DA:127,1
DA:128,1
DA:129,1
DA:130,1
DA:131,1
DA:132,1
DA:133,1
DA:134,1
DA:135,1
DA:136,1
DA:137,1
DA:138,1
DA:139,1
DA:140,1
DA:141,1
DA:142,1
DA:143,1
DA:144,1
DA:145,1
DA:146,1
DA:147,1
DA:148,1
DA:149,1
DA:150,1
DA:151,1
DA:152,1
DA:153,1
DA:154,1
DA:155,1
DA:156,1
DA:157,1
DA:158,1
LH:120
LF:158
end_of_record
SF:main/server/repository/llmRequestLogsRepository.js
FN:5,LlmRequestLogsRepository
FN:10,insert
FN:20,findById
FN:30,update
FN:40,delete
FNDA:5,LlmRequestLogsRepository
FNDA:1,insert
FNDA:1,findById
FNDA:1,update
FNDA:1,delete
FNF:5
FNH:5
BRDA:1,0,0,2
BRDA:5,1,0,5
BRDA:10,2,0,1
BRDA:20,3,0,1
BRDA:30,4,0,1
BRDA:40,5,0,1
BRF:6
BRH:6
DA:1,2
DA:2,2
DA:3,2
DA:4,2
DA:5,2
DA:6,5
DA:7,5
DA:8,5
DA:9,2
DA:10,2
DA:11,1
DA:12,1
DA:13,1
DA:14,1
DA:15,1
DA:16,1
DA:17,1
DA:18,1
DA:19,2
DA:20,2
DA:21,1
DA:22,1
DA:23,1
DA:24,1
DA:25,1
DA:26,1
DA:27,1
DA:28,1
DA:29,2
DA:30,2
DA:31,1
DA:32,1
DA:33,1
DA:34,1
DA:35,1
DA:36,1
DA:37,1
DA:38,1
DA:39,2
DA:40,2
DA:41,1
DA:42,1
DA:43,1
DA:44,1
DA:45,1
DA:46,1
DA:47,1
DA:48,1
DA:49,2
DA:50,2
DA:51,2
LH:51
LF:51
end_of_record
SF:main/server/repository/locationRepository.js
FN:4,LocationRepository
FN:9,insert
FN:30,update
FN:73,delete
FN:78,findById
FN:83,findAll
FN:84,anonymous_6
FNDA:7,LocationRepository
FNDA:1,insert
FNDA:1,update
FNDA:1,delete
FNDA:2,findById
FNDA:1,findAll
FNDA:1,anonymous_6
FNF:7
FNH:7
BRDA:1,0,0,1
BRDA:4,1,0,7
BRDA:9,2,0,1
BRDA:23,3,0,0
BRDA:30,4,0,1
BRDA:35,5,0,0
BRDA:41,6,0,0
BRDA:49,7,0,0
BRDA:73,8,0,1
BRDA:78,9,0,2
BRDA:80,10,0,0
BRDA:83,11,0,1
BRDA:84,12,0,1
BRF:13
BRH:8
DA:1,1
DA:2,1
DA:3,1
DA:4,1
DA:5,7
DA:6,7
DA:7,7
DA:8,1
DA:9,1
DA:10,1
DA:11,1
DA:12,1
DA:13,1
DA:14,1
DA:15,1
DA:16,1
DA:17,1
DA:18,1
DA:19,1
DA:20,1
DA:21,1
DA:22,1
DA:23,1
DA:24,0
DA:25,0
DA:26,1
DA:27,1
DA:28,1
DA:29,1
DA:30,1
DA:31,1
DA:32,1
DA:33,1
DA:34,1
DA:35,1
DA:36,0
DA:37,0
DA:38,0
DA:39,0
DA:40,1
DA:41,1
DA:42,0
DA:43,0
DA:44,0
DA:45,0
DA:46,1
DA:47,1
DA:48,1
DA:49,1
DA:50,0
DA:51,0
DA:52,0
DA:53,0
DA:54,0
DA:55,0
DA:56,0
DA:57,0
DA:58,0
DA:59,0
DA:60,0
DA:61,0
DA:62,0
DA:63,0
DA:64,0
DA:65,0
DA:66,0
DA:67,0
DA:68,0
DA:69,0
DA:70,0
DA:71,1
DA:72,1
DA:73,1
DA:74,1
DA:75,1
DA:76,1
DA:77,1
DA:78,1
DA:79,2
DA:80,2
DA:81,2
DA:82,1
DA:83,1
DA:84,1
DA:85,1
DA:86,1
DA:87,1
DA:88,1
DA:89,1
LH:58
LF:89
end_of_record
SF:main/server/repository/loreRepository.js
FN:4,LoreRepository
FN:12,update
FN:17,anonymous_2
FN:43,insert
FN:58,delete
FN:73,findById
FN:88,findAll
FN:103,findActive
FNDA:13,LoreRepository
FNDA:2,update
FNDA:6,anonymous_2
FNDA:2,insert
FNDA:2,delete
FNDA:2,findById
FNDA:2,findAll
FNDA:2,findActive
FNF:8
FNH:8
BRDA:1,0,0,1
BRDA:4,1,0,13
BRDA:5,2,0,1
BRDA:7,3,0,12
BRDA:12,4,0,2
BRDA:34,5,0,1
BRDA:17,6,0,6
BRDA:43,7,0,2
BRDA:50,8,0,1
BRDA:58,9,0,2
BRDA:65,10,0,1
BRDA:73,11,0,2
BRDA:80,12,0,1
BRDA:81,13,0,0
BRDA:82,14,0,1
BRDA:88,15,0,2
BRDA:94,16,0,1
BRDA:103,17,0,2
BRDA:109,18,0,1
BRF:19
BRH:18
DA:1,1
DA:2,1
DA:3,1
DA:4,1
DA:5,13
DA:6,1
DA:7,1
DA:8,12
DA:9,12
DA:10,13
DA:11,1
DA:12,1
DA:13,2
DA:14,2
DA:15,2
DA:16,2
DA:17,2
DA:18,2
DA:19,2
DA:20,2
DA:21,2
DA:22,2
DA:23,2
DA:24,2
DA:25,2
DA:26,2
DA:27,2
DA:28,2
DA:29,2
DA:30,2
DA:31,2
DA:32,2
DA:33,2
DA:34,2
DA:35,1
DA:36,1
DA:37,1
DA:38,1
DA:39,1
DA:40,1
DA:41,2
DA:42,1
DA:43,1
DA:44,2
DA:45,2
DA:46,2
DA:47,2
DA:48,2
DA:49,2
DA:50,2
DA:51,1
DA:52,1
DA:53,1
DA:54,1
DA:55,1
DA:56,2
DA:57,1
DA:58,1
DA:59,2
DA:60,2
DA:61,2
DA:62,2
DA:63,2
DA:64,2
DA:65,2
DA:66,1
DA:67,1
DA:68,1
DA:69,1
DA:70,1
DA:71,2
DA:72,1
DA:73,1
DA:74,2
DA:75,2
DA:76,2
DA:77,2
DA:78,2
DA:79,2
DA:80,2
DA:81,2
DA:82,2
DA:83,1
DA:84,1
DA:85,1
DA:86,2
DA:87,1
DA:88,1
DA:89,2
DA:90,2
DA:91,2
DA:92,2
DA:93,2
DA:94,2
DA:95,1
DA:96,1
DA:97,1
DA:98,1
DA:99,1
DA:100,2
DA:101,1
DA:102,1
DA:103,1
DA:104,2
DA:105,2
DA:106,2
DA:107,2
DA:108,2
DA:109,2
DA:110,1
DA:111,1
DA:112,1
DA:113,1
DA:114,1
DA:115,2
DA:116,1
DA:117,1
DA:118,1
LH:118
LF:118
end_of_record
SF:main/server/repository/npcRepository.js
FN:4,NpcRepository
FN:9,update
FN:74,delete
FN:84,findById
FN:106,findActive
FN:123,findAll
FN:139,findByName
FNDA:5,NpcRepository
FNDA:1,update
FNDA:2,delete
FNDA:2,findById
FNDA:1,findActive
FNDA:1,findAll
FNDA:2,findByName
FNF:7
FNH:7
BRDA:1,0,0,1
BRDA:4,1,0,5
BRDA:9,2,0,1
BRDA:21,3,0,0
BRDA:27,4,0,0
BRDA:40,5,0,0
BRDA:47,6,0,0
BRDA:67,7,0,0
BRDA:74,8,0,2
BRDA:77,9,0,1
BRDA:84,10,0,2
BRDA:99,11,0,1
BRDA:106,12,0,1
BRDA:123,13,0,1
BRDA:139,14,0,2
BRDA:154,15,0,1
BRF:16
BRH:11
DA:1,1
DA:2,1
DA:3,1
DA:4,1
DA:5,5
DA:6,5
DA:7,5
DA:8,1
DA:9,1
DA:10,1
DA:11,1
DA:12,1
DA:13,1
DA:14,1
DA:15,1
DA:16,1
DA:17,1
DA:18,1
DA:19,1
DA:20,1
DA:21,1
DA:22,0
DA:23,0
DA:24,0
DA:25,0
DA:26,1
DA:27,1
DA:28,0
DA:29,0
DA:30,0
DA:31,0
DA:32,1
DA:33,1
DA:34,1
DA:35,1
DA:36,1
DA:37,1
DA:38,1
DA:39,1
DA:40,1
DA:41,0
DA:42,0
DA:43,0
DA:44,0
DA:45,0
DA:46,1
DA:47,1
DA:48,0
DA:49,0
DA:50,1
DA:51,1
DA:52,1
DA:53,1
DA:54,1
DA:55,1
DA:56,1
DA:57,1
DA:58,1
DA:59,1
DA:60,1
DA:61,1
DA:62,1
DA:63,1
DA:64,1
DA:65,1
DA:66,1
DA:67,1
DA:68,0
DA:69,0
DA:70,1
DA:71,1
DA:72,1
DA:73,1
DA:74,1
DA:75,2
DA:76,2
DA:77,2
DA:78,1
DA:79,1
DA:80,1
DA:81,1
DA:82,2
DA:83,1
DA:84,1
DA:85,2
DA:86,2
DA:87,2
DA:88,2
DA:89,2
DA:90,2
DA:91,2
DA:92,2
DA:93,2
DA:94,2
DA:95,2
DA:96,2
DA:97,2
DA:98,2
DA:99,2
DA:100,1
DA:101,1
DA:102,1
DA:103,1
DA:104,2
DA:105,1
DA:106,1
DA:107,1
DA:108,1
DA:109,1
DA:110,1
DA:111,1
DA:112,1
DA:113,1
DA:114,1
DA:115,1
DA:116,1
DA:117,1
DA:118,1
DA:119,1
DA:120,1
DA:121,1
DA:122,1
DA:123,1
DA:124,1
DA:125,1
DA:126,1
DA:127,1
DA:128,1
DA:129,1
DA:130,1
DA:131,1
DA:132,1
DA:133,1
DA:134,1
DA:135,1
DA:136,1
DA:137,1
DA:138,1
DA:139,1
DA:140,2
DA:141,2
DA:142,2
DA:143,2
DA:144,2
DA:145,2
DA:146,2
DA:147,2
DA:148,2
DA:149,2
DA:150,2
DA:151,2
DA:152,2
DA:153,2
DA:154,2
DA:155,1
DA:156,1
DA:157,1
DA:158,1
DA:159,2
DA:160,1
DA:161,1
DA:162,1
LH:145
LF:162
end_of_record
SF:main/server/repository/quickActionRepository.js
FN:4,QuickActionRepository
FN:9,insert
FN:26,findById
FN:45,update
FN:60,delete
FNDA:9,QuickActionRepository
FNDA:2,insert
FNDA:3,findById
FNDA:2,update
FNDA:2,delete
FNF:5
FNH:5
BRDA:1,0,0,1
BRDA:4,1,0,9
BRDA:9,2,0,2
BRDA:18,3,0,1
BRDA:26,4,0,3
BRDA:33,5,0,2
BRDA:34,6,0,1
BRDA:45,7,0,2
BRDA:52,8,0,1
BRDA:60,9,0,2
BRDA:67,10,0,1
BRF:11
BRH:11
DA:1,1
DA:2,1
DA:3,1
DA:4,1
DA:5,9
DA:6,9
DA:7,9
DA:8,1
DA:9,1
DA:10,2
DA:11,2
DA:12,2
DA:13,2
DA:14,2
DA:15,2
DA:16,2
DA:17,2
DA:18,2
DA:19,1
DA:20,1
DA:21,1
DA:22,1
DA:23,1
DA:24,2
DA:25,1
DA:26,1
DA:27,3
DA:28,3
DA:29,3
DA:30,3
DA:31,3
DA:32,3
DA:33,3
DA:34,3
DA:35,1
DA:36,1
DA:37,1
DA:38,1
DA:39,1
DA:40,1
DA:41,1
DA:42,3
DA:43,1
DA:44,1
DA:45,1
DA:46,2
DA:47,2
DA:48,2
DA:49,2
DA:50,2
DA:51,2
DA:52,2
DA:53,1
DA:54,1
DA:55,1
DA:56,1
DA:57,1
DA:58,2
DA:59,1
DA:60,1
DA:61,2
DA:62,2
DA:63,2
DA:64,2
DA:65,2
DA:66,2
DA:67,2
DA:68,1
DA:69,1
DA:70,1
DA:71,1
DA:72,1
DA:73,2
DA:74,1
DA:75,1
DA:76,1
LH:76
LF:76
end_of_record
SF:main/server/repository/sceneRepository.js
FN:5,SceneRepository
FN:10,findById
FN:20,delete
FN:30,update
FN:40,insert
FN:50,findAll
FNDA:7,SceneRepository
FNDA:1,findById
FNDA:1,delete
FNDA:2,update
FNDA:2,insert
FNDA:1,findAll
FNF:6
FNH:6
BRDA:1,0,0,1
BRDA:5,1,0,7
BRDA:10,2,0,1
BRDA:20,3,0,1
BRDA:30,4,0,2
BRDA:36,5,0,1
BRDA:40,6,0,2
BRDA:46,7,0,1
BRDA:50,8,0,1
BRF:9
BRH:9
DA:1,1
DA:2,1
DA:3,1
DA:4,1
DA:5,1
DA:6,7
DA:7,7
DA:8,7
DA:9,1
DA:10,1
DA:11,1
DA:12,1
DA:13,1
DA:14,1
DA:15,1
DA:16,1
DA:17,1
DA:18,1
DA:19,1
DA:20,1
DA:21,1
DA:22,1
DA:23,1
DA:24,1
DA:25,1
DA:26,1
DA:27,1
DA:28,1
DA:29,1
DA:30,1
DA:31,2
DA:32,2
DA:33,2
DA:34,2
DA:35,2
DA:36,2
DA:37,1
DA:38,2
DA:39,1
DA:40,1
DA:41,2
DA:42,2
DA:43,2
DA:44,2
DA:45,2
DA:46,2
DA:47,1
DA:48,2
DA:49,1
DA:50,1
DA:51,1
DA:52,1
DA:53,1
DA:54,1
DA:55,1
DA:56,1
LH:56
LF:56
end_of_record
SF:main/server/repository/taskRepository.js
FN:5,TaskRepository
FN:10,insert
FN:20,findByIdAndStatus
FN:30,findById
FN:40,findBySceneId
FN:51,updateStatus
FN:61,delete
FNDA:6,TaskRepository
FNDA:1,insert
FNDA:1,findByIdAndStatus
FNDA:1,findById
FNDA:1,findBySceneId
FNDA:1,updateStatus
FNDA:1,delete
FNF:7
FNH:7
BRDA:1,0,0,1
BRDA:5,1,0,6
BRDA:10,2,0,1
BRDA:20,3,0,1
BRDA:30,4,0,1
BRDA:40,5,0,1
BRDA:51,6,0,1
BRDA:61,7,0,1
BRF:8
BRH:8
DA:1,1
DA:2,1
DA:3,1
DA:4,1
DA:5,1
DA:6,6
DA:7,6
DA:8,6
DA:9,1
DA:10,1
DA:11,1
DA:12,1
DA:13,1
DA:14,1
DA:15,1
DA:16,1
DA:17,1
DA:18,1
DA:19,1
DA:20,1
DA:21,1
DA:22,1
DA:23,1
DA:24,1
DA:25,1
DA:26,1
DA:27,1
DA:28,1
DA:29,1
DA:30,1
DA:31,1
DA:32,1
DA:33,1
DA:34,1
DA:35,1
DA:36,1
DA:37,1
DA:38,1
DA:39,1
DA:40,1
DA:41,1
DA:42,1
DA:43,1
DA:44,1
DA:45,1
DA:46,1
DA:47,1
DA:48,1
DA:49,1
DA:50,1
DA:51,1
DA:52,1
DA:53,1
DA:54,1
DA:55,1
DA:56,1
DA:57,1
DA:58,1
DA:59,1
DA:60,1
DA:61,1
DA:62,1
DA:63,1
DA:64,1
DA:65,1
DA:66,1
DA:67,1
DA:68,1
DA:69,1
DA:70,1
DA:71,1
DA:72,1
LH:72
LF:72
end_of_record
SF:main/server/repository/turnRepository.js
FN:4,TurnRepository
FN:9,findActive
FN:19,anonymous_2
FN:43,saveTurn
FN:63,update
FN:88,delete
FNDA:12,TurnRepository
FNDA:3,findActive
FNDA:0,anonymous_2
FNDA:3,saveTurn
FNDA:2,update
FNDA:2,delete
FNF:6
FNH:5
BRDA:1,0,0,1
BRDA:4,1,0,12
BRDA:9,2,0,3
BRDA:18,3,0,2
BRDA:43,4,0,3
BRDA:63,5,0,2
BRDA:81,6,0,1
BRDA:88,7,0,2
BRDA:91,8,0,1
BRF:9
BRH:9
DA:1,1
DA:2,1
DA:3,1
DA:4,1
DA:5,12
DA:6,12
DA:7,12
DA:8,1
DA:9,1
DA:10,3
DA:11,3
DA:12,3
DA:13,3
DA:14,3
DA:15,3
DA:16,3
DA:17,3
DA:18,3
DA:19,2
DA:20,0
DA:21,0
DA:22,0
DA:23,0
DA:24,0
DA:25,0
DA:26,0
DA:27,0
DA:28,0
DA:29,0
DA:30,0
DA:31,0
DA:32,0
DA:33,0
DA:34,0
DA:35,0
DA:36,2
DA:37,3
DA:38,3
DA:39,3
DA:40,3
DA:41,3
DA:42,1
DA:43,1
DA:44,3
DA:45,3
DA:46,3
DA:47,3
DA:48,3
DA:49,3
DA:50,3
DA:51,3
DA:52,3
DA:53,3
DA:54,3
DA:55,3
DA:56,3
DA:57,3
DA:58,3
DA:59,3
DA:60,3
DA:61,3
DA:62,1
DA:63,1
DA:64,2
DA:65,2
DA:66,2
DA:67,2
DA:68,2
DA:69,2
DA:70,2
DA:71,2
DA:72,2
DA:73,2
DA:74,2
DA:75,2
DA:76,2
DA:77,2
DA:78,2
DA:79,2
DA:80,2
DA:81,2
DA:82,1
DA:83,1
DA:84,1
DA:85,1
DA:86,2
DA:87,1
DA:88,1
DA:89,2
DA:90,2
DA:91,2
DA:92,1
DA:93,1
DA:94,1
DA:95,1
DA:96,2
DA:97,1
DA:98,1
DA:99,1
LH:83
LF:99
end_of_record
SF:main/server/service/contextManager.js
FN:11,ContextManager
FN:16,addItemsWithinThreshold
FN:41,buildContext
FN:69,anonymous_3
FN:69,anonymous_4
FN:70,anonymous_5
FN:70,anonymous_6
FN:84,anonymous_7
FN:84,anonymous_8
FN:85,anonymous_9
FN:85,anonymous_10
FNDA:4,ContextManager
FNDA:12,addItemsWithinThreshold
FNDA:2,buildContext
FNDA:4,anonymous_3
FNDA:4,anonymous_4
FNDA:1,anonymous_5
FNDA:1,anonymous_6
FNDA:1,anonymous_7
FNDA:1,anonymous_8
FNDA:2,anonymous_9
FNDA:2,anonymous_10
FNF:11
FNH:11
BRDA:1,0,0,1
BRDA:11,1,0,4
BRDA:16,2,0,10
BRDA:19,3,0,12
BRDA:31,4,0,10
BRDA:35,5,0,2
BRDA:41,6,0,2
BRDA:48,7,0,1
BRDA:48,8,0,1
BRDA:77,9,0,1
BRDA:69,10,0,4
BRDA:69,11,0,4
BRDA:70,12,0,1
BRDA:70,13,0,1
BRDA:84,14,0,1
BRDA:84,15,0,1
BRDA:85,16,0,2
BRDA:85,17,0,1
BRDA:85,18,0,1
BRDA:85,19,0,2
BRF:20
BRH:20
DA:1,1
DA:2,1
DA:3,1
DA:4,1
DA:5,1
DA:6,1
DA:7,1
DA:8,1
DA:9,1
DA:10,1
DA:11,1
DA:12,4
DA:13,4
DA:14,4
DA:15,1
DA:16,1
DA:17,10
DA:18,10
DA:19,10
DA:20,12
DA:21,12
DA:22,12
DA:23,12
DA:24,12
DA:25,12
DA:26,12
DA:27,12
DA:28,12
DA:29,12
DA:30,12
DA:31,12
DA:32,10
DA:33,10
DA:34,10
DA:35,12
DA:36,2
DA:37,2
DA:38,10
DA:39,10
DA:40,1
DA:41,1
DA:42,2
DA:43,2
DA:44,2
DA:45,2
DA:46,2
DA:47,2
DA:48,2
DA:49,2
DA:50,2
DA:51,2
DA:52,2
DA:53,2
DA:54,2
DA:55,2
DA:56,2
DA:57,2
DA:58,2
DA:59,2
DA:60,2
DA:61,2
DA:62,2
DA:63,2
DA:64,2
DA:65,2
DA:66,2
DA:67,2
DA:68,2
DA:69,2
DA:70,2
DA:71,2
DA:72,2
DA:73,2
DA:74,2
DA:75,2
DA:76,2
DA:77,2
DA:78,1
DA:79,1
DA:80,1
DA:81,1
DA:82,1
DA:83,2
DA:84,2
DA:85,2
DA:86,2
DA:87,2
DA:88,2
DA:89,2
DA:90,2
DA:91,2
DA:92,2
DA:93,2
DA:94,2
DA:95,2
DA:96,2
DA:97,2
DA:98,2
DA:99,2
DA:100,2
DA:101,2
DA:102,2
DA:103,2
DA:104,2
DA:105,2
DA:106,2
DA:107,2
DA:108,2
DA:109,2
DA:110,1
DA:111,1
DA:112,1
LH:112
LF:112
end_of_record
SF:main/server/service/diceRoller.js
FN:4,DiceRoller
FN:8,roll
FN:10,anonymous_2
FN:11,anonymous_3
FN:12,anonymous_4
FNDA:1,DiceRoller
FNDA:1,roll
FNDA:6,anonymous_2
FNDA:6,anonymous_3
FNDA:6,anonymous_4
FNF:5
FNH:5
BRDA:1,0,0,1
BRDA:4,1,0,1
BRDA:8,2,0,1
BRDA:10,3,0,6
BRDA:11,4,0,6
BRDA:12,5,0,6
BRF:6
BRH:6
DA:1,1
DA:2,1
DA:3,1
DA:4,1
DA:5,1
DA:6,1
DA:7,1
DA:8,1
DA:9,1
DA:10,1
DA:11,1
DA:12,1
DA:13,1
DA:14,1
DA:15,1
DA:16,1
DA:17,1
DA:18,1
DA:19,1
DA:20,1
DA:21,1
DA:22,1
DA:23,1
DA:24,1
DA:25,1
LH:25
LF:25
end_of_record
SF:main/server/service/encryption.js
FN:8,createWebSocketAcceptKey
FN:15,encodeWebSocketMessage
FN:38,decodeWebSocketMessage
FNDA:1,createWebSocketAcceptKey
FNDA:3,encodeWebSocketMessage
FNDA:2,decodeWebSocketMessage
FNF:3
FNH:3
BRDA:1,0,0,1
BRDA:8,1,0,1
BRDA:15,2,0,3
BRDA:19,3,0,1
BRDA:21,4,0,2
BRDA:23,5,0,1
BRDA:38,6,0,2
BRDA:41,7,0,0
BRDA:45,8,0,0
BRDA:52,9,0,0
BRDA:55,10,0,1
BRDA:61,11,0,0
BRDA:62,12,0,0
BRDA:66,13,0,0
BRDA:74,14,0,1
BRF:15
BRH:9
DA:1,1
DA:2,1
DA:3,1
DA:4,1
DA:5,1
DA:6,1
DA:7,1
DA:8,1
DA:9,1
DA:10,1
DA:11,1
DA:12,1
DA:13,1
DA:14,1
DA:15,1
DA:16,3
DA:17,3
DA:18,3
DA:19,3
DA:20,1
DA:21,1
DA:22,2
DA:23,3
DA:24,1
DA:25,1
DA:26,1
DA:27,1
DA:28,1
DA:29,1
DA:30,1
DA:31,1
DA:32,1
DA:33,1
DA:34,1
DA:35,1
DA:36,3
DA:37,1
DA:38,1
DA:39,2
DA:40,2
DA:41,2
DA:42,0
DA:43,0
DA:44,2
DA:45,2
DA:46,0
DA:47,0
DA:48,2
DA:49,2
DA:50,2
DA:51,2
DA:52,2
DA:53,0
DA:54,0
DA:55,2
DA:56,1
DA:57,1
DA:58,1
DA:59,2
DA:60,2
DA:61,2
DA:62,2
DA:63,2
DA:64,2
DA:65,2
DA:66,2
DA:67,0
DA:68,0
DA:69,0
DA:70,0
DA:71,2
DA:72,2
DA:73,2
DA:74,2
DA:75,1
DA:76,1
DA:77,2
DA:78,1
DA:79,1
DA:80,1
DA:81,1
LH:71
LF:81
end_of_record
SF:main/server/service/errorState.js
FN:4,normalizeError
FN:26,addServerError
FN:46,getServerErrors
FN:47,anonymous_3
FN:52,clearServerErrors
FN:56,buildErrorEvent
FNDA:104,normalizeError
FNDA:104,addServerError
FNDA:3,getServerErrors
FNDA:101,anonymous_3
FNDA:2,clearServerErrors
FNDA:1,buildErrorEvent
FNF:6
FNH:6
BRDA:1,0,0,1
BRDA:4,1,0,104
BRDA:5,2,0,102
BRDA:7,3,0,0
BRDA:8,4,0,0
BRDA:11,5,0,2
BRDA:13,6,0,1
BRDA:26,7,0,104
BRDA:39,8,0,2
BRDA:46,9,0,3
BRDA:47,10,0,101
BRDA:52,11,0,2
BRDA:56,12,0,1
BRF:13
BRH:11
DA:1,1
DA:2,1
DA:3,1
DA:4,104
DA:5,104
DA:6,102
DA:7,102
DA:8,102
DA:9,102
DA:10,102
DA:11,102
DA:12,2
DA:13,104
DA:14,1
DA:15,1
DA:16,1
DA:17,1
DA:18,1
DA:19,1
DA:20,1
DA:21,1
DA:22,1
DA:23,1
DA:24,104
DA:25,1
DA:26,104
DA:27,104
DA:28,104
DA:29,104
DA:30,104
DA:31,104
DA:32,104
DA:33,104
DA:34,104
DA:35,104
DA:36,104
DA:37,104
DA:38,104
DA:39,104
DA:40,2
DA:41,2
DA:42,104
DA:43,104
DA:44,104
DA:45,1
DA:46,3
DA:47,3
DA:48,101
DA:49,3
DA:50,3
DA:51,1
DA:52,2
DA:53,2
DA:54,2
DA:55,1
DA:56,1
DA:57,1
DA:58,1
DA:59,1
DA:60,1
DA:61,1
DA:62,1
DA:63,1
DA:64,1
DA:65,1
DA:66,1
DA:67,1
LH:67
LF:67
end_of_record
SF:main/server/service/loggerFactory.js
FN:4,createLogger
FN:23,anonymous_1
FNDA:134,createLogger
FNDA:40,anonymous_1
FNF:2
FNH:2
BRDA:1,0,0,26
BRDA:4,1,0,134
BRDA:23,2,0,40
BRF:3
BRH:3
DA:1,26
DA:2,26
DA:3,26
DA:4,26
DA:5,134
DA:6,134
DA:7,134
DA:8,134
DA:9,134
DA:10,134
DA:11,134
DA:12,134
DA:13,134
DA:14,134
DA:15,134
DA:16,134
DA:17,134
DA:18,134
DA:19,134
DA:20,134
DA:21,134
DA:22,134
DA:23,134
DA:24,134
DA:25,134
DA:26,134
DA:27,134
DA:28,134
DA:29,26
DA:30,26
DA:31,26
DA:32,26
LH:32
LF:32
end_of_record
